2025-12-03 20:43:46,949 | INFO | SCRAPER CLOUDPING.CO INICIADO
2025-12-03 20:43:46,950 | INFO | Cada 10 min → cloudpingco_latency_longterm.csv
2025-12-03 20:43:46,950 | INFO | 
ITERACIÓN 1
2025-12-03 20:43:47,852 | INFO | Cargando cloudping.co...
2025-12-03 20:43:49,538 | INFO | Tabla detectada
2025-12-03 20:43:50,323 | INFO | Procesando 34 filas × 34 columnas
2025-12-03 20:43:50,372 | INFO | af-south-1 → af-south-1: 8.43ms
2025-12-03 20:43:50,384 | INFO | af-south-1 → ap-east-1: 366.61ms
2025-12-03 20:43:50,399 | INFO | af-south-1 → ap-east-2: 384.94ms
2025-12-03 20:43:50,413 | INFO | af-south-1 → ap-northeast-1: 374.85ms
2025-12-03 20:43:50,424 | INFO | af-south-1 → ap-northeast-2: 395.30ms
2025-12-03 20:43:50,435 | INFO | af-south-1 → ap-northeast-3: 387.42ms
2025-12-03 20:43:50,447 | INFO | af-south-1 → ap-south-1: 285.03ms
2025-12-03 20:43:50,460 | INFO | af-south-1 → ap-south-2: 318.99ms
2025-12-03 20:43:50,472 | INFO | af-south-1 → ap-southeast-1: 336.40ms
2025-12-03 20:43:50,484 | INFO | af-south-1 → ap-southeast-2: 410.17ms
2025-12-03 20:43:50,496 | INFO | af-south-1 → ap-southeast-3: 350.11ms
2025-12-03 20:43:50,508 | INFO | af-south-1 → ap-southeast-4: 422.38ms
2025-12-03 20:43:50,522 | INFO | af-south-1 → ap-southeast-5: 336.75ms
2025-12-03 20:43:50,535 | INFO | af-south-1 → ap-southeast-6: 448.70ms
2025-12-03 20:43:50,548 | INFO | af-south-1 → ap-southeast-7: 361.65ms
2025-12-03 20:43:50,562 | INFO | af-south-1 → ca-central-1: 220.95ms
2025-12-03 20:43:50,575 | INFO | af-south-1 → ca-west-1: 289.82ms
2025-12-03 20:43:50,589 | INFO | af-south-1 → eu-central-1: 158.30ms
2025-12-03 20:43:50,610 | INFO | af-south-1 → eu-central-2: 149.22ms
2025-12-03 20:43:50,624 | INFO | af-south-1 → eu-north-1: 178.73ms
2025-12-03 20:43:50,642 | INFO | af-south-1 → eu-south-1: 196.93ms
2025-12-03 20:43:50,654 | INFO | af-south-1 → eu-south-2: 136.25ms
2025-12-03 20:43:50,665 | INFO | af-south-1 → eu-west-1: 160.23ms
2025-12-03 20:43:50,679 | INFO | af-south-1 → eu-west-2: 147.78ms
2025-12-03 20:43:50,694 | INFO | af-south-1 → eu-west-3: 146.17ms
2025-12-03 20:43:50,707 | INFO | af-south-1 → il-central-1: 231.49ms
2025-12-03 20:43:50,722 | INFO | af-south-1 → me-central-1: 291.96ms
2025-12-03 20:43:50,735 | INFO | af-south-1 → me-south-1: 257.59ms
2025-12-03 20:43:50,749 | INFO | af-south-1 → mx-central-1: 285.05ms
2025-12-03 20:43:50,765 | INFO | af-south-1 → sa-east-1: 343.52ms
2025-12-03 20:43:50,779 | INFO | af-south-1 → us-east-1: 228.63ms
2025-12-03 20:43:50,792 | INFO | af-south-1 → us-east-2: 240.49ms
2025-12-03 20:43:50,805 | INFO | af-south-1 → us-west-1: 288.87ms
2025-12-03 20:43:50,818 | INFO | af-south-1 → us-west-2: 275.59ms
2025-12-03 20:43:50,851 | INFO | ap-east-1 → af-south-1: 365.42ms
2025-12-03 20:43:50,859 | INFO | ap-east-1 → ap-east-1: 3.45ms
2025-12-03 20:43:50,870 | INFO | ap-east-1 → ap-east-2: 16.59ms
2025-12-03 20:43:50,897 | INFO | ap-east-1 → ap-northeast-1: 52.35ms
2025-12-03 20:43:50,919 | INFO | ap-east-1 → ap-northeast-2: 39.13ms
2025-12-03 20:43:50,929 | INFO | ap-east-1 → ap-northeast-3: 50.11ms
2025-12-03 20:43:50,938 | INFO | ap-east-1 → ap-south-1: 97.32ms
2025-12-03 20:43:50,948 | INFO | ap-east-1 → ap-south-2: 81.54ms
2025-12-03 20:43:50,957 | INFO | ap-east-1 → ap-southeast-1: 40.71ms
2025-12-03 20:43:50,966 | INFO | ap-east-1 → ap-southeast-2: 129.82ms
2025-12-03 20:43:50,974 | INFO | ap-east-1 → ap-southeast-3: 53.16ms
2025-12-03 20:43:50,986 | INFO | ap-east-1 → ap-southeast-4: 142.99ms
2025-12-03 20:43:50,995 | INFO | ap-east-1 → ap-southeast-5: 42.33ms
2025-12-03 20:43:51,004 | INFO | ap-east-1 → ap-southeast-6: 155.82ms
2025-12-03 20:43:51,013 | INFO | ap-east-1 → ap-southeast-7: 65.36ms
2025-12-03 20:43:51,024 | INFO | ap-east-1 → ca-central-1: 205.01ms
2025-12-03 20:43:51,034 | INFO | ap-east-1 → ca-west-1: 164.14ms
2025-12-03 20:43:51,043 | INFO | ap-east-1 → eu-central-1: 196.67ms
2025-12-03 20:43:51,051 | INFO | ap-east-1 → eu-central-2: 188.01ms
2025-12-03 20:43:51,061 | INFO | ap-east-1 → eu-north-1: 212.41ms
2025-12-03 20:43:51,070 | INFO | ap-east-1 → eu-south-1: 191.10ms
2025-12-03 20:43:51,080 | INFO | ap-east-1 → eu-south-2: 214.37ms
2025-12-03 20:43:51,088 | INFO | ap-east-1 → eu-west-1: 260.54ms
2025-12-03 20:43:51,112 | INFO | ap-east-1 → eu-west-2: 207.96ms
2025-12-03 20:43:51,131 | INFO | ap-east-1 → eu-west-3: 200.47ms
2025-12-03 20:43:51,153 | INFO | ap-east-1 → il-central-1: 238.46ms
2025-12-03 20:43:51,209 | INFO | ap-east-1 → me-central-1: 127.34ms
2025-12-03 20:43:51,251 | INFO | ap-east-1 → me-south-1: 132.27ms
2025-12-03 20:43:51,278 | INFO | ap-east-1 → mx-central-1: 203.88ms
2025-12-03 20:43:51,318 | INFO | ap-east-1 → sa-east-1: 318.97ms
2025-12-03 20:43:51,347 | INFO | ap-east-1 → us-east-1: 208.46ms
2025-12-03 20:43:51,381 | INFO | ap-east-1 → us-east-2: 195.23ms
2025-12-03 20:43:51,395 | INFO | ap-east-1 → us-west-1: 155.57ms
2025-12-03 20:43:51,411 | INFO | ap-east-1 → us-west-2: 146.69ms
2025-12-03 20:43:51,457 | INFO | ap-east-2 → af-south-1: 379.21ms
2025-12-03 20:43:51,471 | INFO | ap-east-2 → ap-east-1: 29.85ms
2025-12-03 20:43:51,487 | INFO | ap-east-2 → ap-east-2: 7.82ms
2025-12-03 20:43:51,503 | INFO | ap-east-2 → ap-northeast-1: 37.54ms
2025-12-03 20:43:51,520 | INFO | ap-east-2 → ap-northeast-2: 66.85ms
2025-12-03 20:43:51,535 | INFO | ap-east-2 → ap-northeast-3: 46.55ms
2025-12-03 20:43:51,547 | INFO | ap-east-2 → ap-south-1: 123.57ms
2025-12-03 20:43:51,562 | INFO | ap-east-2 → ap-south-2: 93.78ms
2025-12-03 20:43:51,582 | INFO | ap-east-2 → ap-southeast-1: 56.20ms
2025-12-03 20:43:51,601 | INFO | ap-east-2 → ap-southeast-2: 155.34ms
2025-12-03 20:43:51,629 | INFO | ap-east-2 → ap-southeast-3: 72.47ms
2025-12-03 20:43:51,645 | INFO | ap-east-2 → ap-southeast-4: 164.55ms
2025-12-03 20:43:51,665 | INFO | ap-east-2 → ap-southeast-5: 58.98ms
2025-12-03 20:43:51,687 | INFO | ap-east-2 → ap-southeast-6: 183.36ms
2025-12-03 20:43:51,700 | INFO | ap-east-2 → ap-southeast-7: 79.82ms
2025-12-03 20:43:51,713 | INFO | ap-east-2 → ca-central-1: 183.91ms
2025-12-03 20:43:51,727 | INFO | ap-east-2 → ca-west-1: 140.71ms
2025-12-03 20:43:51,741 | INFO | ap-east-2 → eu-central-1: 207.67ms
2025-12-03 20:43:51,754 | INFO | ap-east-2 → eu-central-2: 200.98ms
2025-12-03 20:43:51,767 | INFO | ap-east-2 → eu-north-1: 226.06ms
2025-12-03 20:43:51,790 | INFO | ap-east-2 → eu-south-1: 195.70ms
2025-12-03 20:43:51,808 | INFO | ap-east-2 → eu-south-2: 229.89ms
2025-12-03 20:43:51,830 | INFO | ap-east-2 → eu-west-1: 240.93ms
2025-12-03 20:43:51,848 | INFO | ap-east-2 → eu-west-2: 248.03ms
2025-12-03 20:43:51,860 | INFO | ap-east-2 → eu-west-3: 217.61ms
2025-12-03 20:43:51,877 | INFO | ap-east-2 → il-central-1: 250.89ms
2025-12-03 20:43:51,893 | INFO | ap-east-2 → me-central-1: 149.55ms
2025-12-03 20:43:51,907 | INFO | ap-east-2 → me-south-1: 148.57ms
2025-12-03 20:43:51,926 | INFO | ap-east-2 → mx-central-1: 193.13ms
2025-12-03 20:43:51,941 | INFO | ap-east-2 → sa-east-1: 296.84ms
2025-12-03 20:43:51,956 | INFO | ap-east-2 → us-east-1: 182.15ms
2025-12-03 20:43:51,969 | INFO | ap-east-2 → us-east-2: 166.94ms
2025-12-03 20:43:51,983 | INFO | ap-east-2 → us-west-1: 143.68ms
2025-12-03 20:43:51,999 | INFO | ap-east-2 → us-west-2: 132.48ms
2025-12-03 20:43:52,051 | INFO | ap-northeast-1 → af-south-1: 374.95ms
2025-12-03 20:43:52,063 | INFO | ap-northeast-1 → ap-east-1: 55.61ms
2025-12-03 20:43:52,087 | INFO | ap-northeast-1 → ap-east-2: 36.21ms
2025-12-03 20:43:52,103 | INFO | ap-northeast-1 → ap-northeast-1: 7.63ms
2025-12-03 20:43:52,123 | INFO | ap-northeast-1 → ap-northeast-2: 38.50ms
2025-12-03 20:43:52,147 | INFO | ap-northeast-1 → ap-northeast-3: 11.45ms
2025-12-03 20:43:52,167 | INFO | ap-northeast-1 → ap-south-1: 133.96ms
2025-12-03 20:43:52,185 | INFO | ap-northeast-1 → ap-south-2: 122.44ms
2025-12-03 20:43:52,198 | INFO | ap-northeast-1 → ap-southeast-1: 71.63ms
2025-12-03 20:43:52,220 | INFO | ap-northeast-1 → ap-southeast-2: 111.58ms
2025-12-03 20:43:52,233 | INFO | ap-northeast-1 → ap-southeast-3: 88.21ms
2025-12-03 20:43:52,245 | INFO | ap-northeast-1 → ap-southeast-4: 136.83ms
2025-12-03 20:43:52,257 | INFO | ap-northeast-1 → ap-southeast-5: 79.49ms
2025-12-03 20:43:52,275 | INFO | ap-northeast-1 → ap-southeast-6: 140.35ms
2025-12-03 20:43:52,288 | INFO | ap-northeast-1 → ap-southeast-7: 100.64ms
2025-12-03 20:43:52,302 | INFO | ap-northeast-1 → ca-central-1: 160.93ms
2025-12-03 20:43:52,316 | INFO | ap-northeast-1 → ca-west-1: 111.36ms
2025-12-03 20:43:52,330 | INFO | ap-northeast-1 → eu-central-1: 234.02ms
2025-12-03 20:43:52,344 | INFO | ap-northeast-1 → eu-central-2: 224.70ms
2025-12-03 20:43:52,359 | INFO | ap-northeast-1 → eu-north-1: 250.04ms
2025-12-03 20:43:52,374 | INFO | ap-northeast-1 → eu-south-1: 220.58ms
2025-12-03 20:43:52,389 | INFO | ap-northeast-1 → eu-south-2: 239.23ms
2025-12-03 20:43:52,404 | INFO | ap-northeast-1 → eu-west-1: 205.66ms
2025-12-03 20:43:52,419 | INFO | ap-northeast-1 → eu-west-2: 214.55ms
2025-12-03 20:43:52,437 | INFO | ap-northeast-1 → eu-west-3: 224.08ms
2025-12-03 20:43:52,449 | INFO | ap-northeast-1 → il-central-1: 274.26ms
2025-12-03 20:43:52,461 | INFO | ap-northeast-1 → me-central-1: 171.99ms
2025-12-03 20:43:52,474 | INFO | ap-northeast-1 → me-south-1: 175.00ms
2025-12-03 20:43:52,488 | INFO | ap-northeast-1 → mx-central-1: 160.84ms
2025-12-03 20:43:52,505 | INFO | ap-northeast-1 → sa-east-1: 260.67ms
2025-12-03 20:43:52,518 | INFO | ap-northeast-1 → us-east-1: 151.33ms
2025-12-03 20:43:52,535 | INFO | ap-northeast-1 → us-east-2: 139.06ms
2025-12-03 20:43:52,552 | INFO | ap-northeast-1 → us-west-1: 112.12ms
2025-12-03 20:43:52,569 | INFO | ap-northeast-1 → us-west-2: 102.69ms
2025-12-03 20:43:52,623 | INFO | ap-northeast-2 → af-south-1: 387.47ms
2025-12-03 20:43:52,647 | INFO | ap-northeast-2 → ap-east-1: 40.17ms
2025-12-03 20:43:52,680 | INFO | ap-northeast-2 → ap-east-2: 67.03ms
2025-12-03 20:43:52,706 | INFO | ap-northeast-2 → ap-northeast-1: 37.53ms
2025-12-03 20:43:52,721 | INFO | ap-northeast-2 → ap-northeast-2: 4.22ms
2025-12-03 20:43:52,739 | INFO | ap-northeast-2 → ap-northeast-3: 35.05ms
2025-12-03 20:43:52,766 | INFO | ap-northeast-2 → ap-south-1: 131.76ms
2025-12-03 20:43:52,804 | INFO | ap-northeast-2 → ap-south-2: 119.83ms
2025-12-03 20:43:52,866 | INFO | ap-northeast-2 → ap-southeast-1: 72.74ms
2025-12-03 20:43:52,895 | INFO | ap-northeast-2 → ap-southeast-2: 153.27ms
2025-12-03 20:43:52,923 | INFO | ap-northeast-2 → ap-southeast-3: 87.11ms
2025-12-03 20:43:52,946 | INFO | ap-northeast-2 → ap-southeast-4: 162.48ms
2025-12-03 20:43:52,982 | INFO | ap-northeast-2 → ap-southeast-5: 77.67ms
2025-12-03 20:43:53,005 | INFO | ap-northeast-2 → ap-southeast-6: 176.76ms
2025-12-03 20:43:53,028 | INFO | ap-northeast-2 → ap-southeast-7: 99.88ms
2025-12-03 20:43:53,046 | INFO | ap-northeast-2 → ca-central-1: 187.00ms
2025-12-03 20:43:53,061 | INFO | ap-northeast-2 → ca-west-1: 146.20ms
2025-12-03 20:43:53,078 | INFO | ap-northeast-2 → eu-central-1: 238.63ms
2025-12-03 20:43:53,095 | INFO | ap-northeast-2 → eu-central-2: 230.28ms
2025-12-03 20:43:53,122 | INFO | ap-northeast-2 → eu-north-1: 250.43ms
2025-12-03 20:43:53,145 | INFO | ap-northeast-2 → eu-south-1: 221.36ms
2025-12-03 20:43:53,167 | INFO | ap-northeast-2 → eu-south-2: 255.65ms
2025-12-03 20:43:53,184 | INFO | ap-northeast-2 → eu-west-1: 240.59ms
2025-12-03 20:43:53,209 | INFO | ap-northeast-2 → eu-west-2: 252.33ms
2025-12-03 20:43:53,225 | INFO | ap-northeast-2 → eu-west-3: 257.75ms
2025-12-03 20:43:53,241 | INFO | ap-northeast-2 → il-central-1: 277.86ms
2025-12-03 20:43:53,257 | INFO | ap-northeast-2 → me-central-1: 160.16ms
2025-12-03 20:43:53,277 | INFO | ap-northeast-2 → me-south-1: 170.71ms
2025-12-03 20:43:53,298 | INFO | ap-northeast-2 → mx-central-1: 192.26ms
2025-12-03 20:43:53,320 | INFO | ap-northeast-2 → sa-east-1: 299.31ms
2025-12-03 20:43:53,348 | INFO | ap-northeast-2 → us-east-1: 184.21ms
2025-12-03 20:43:53,400 | INFO | ap-northeast-2 → us-east-2: 170.23ms
2025-12-03 20:43:53,417 | INFO | ap-northeast-2 → us-west-1: 139.09ms
2025-12-03 20:43:53,429 | INFO | ap-northeast-2 → us-west-2: 129.28ms
2025-12-03 20:43:53,475 | INFO | ap-northeast-3 → af-south-1: 383.54ms
2025-12-03 20:43:53,493 | INFO | ap-northeast-3 → ap-east-1: 52.80ms
2025-12-03 20:43:53,507 | INFO | ap-northeast-3 → ap-east-2: 33.70ms
2025-12-03 20:43:53,519 | INFO | ap-northeast-3 → ap-northeast-1: 13.23ms
2025-12-03 20:43:53,531 | INFO | ap-northeast-3 → ap-northeast-2: 31.72ms
2025-12-03 20:43:53,545 | INFO | ap-northeast-3 → ap-northeast-3: 5.86ms
2025-12-03 20:43:53,558 | INFO | ap-northeast-3 → ap-south-1: 140.91ms
2025-12-03 20:43:53,573 | INFO | ap-northeast-3 → ap-south-2: 125.81ms
2025-12-03 20:43:53,591 | INFO | ap-northeast-3 → ap-southeast-1: 80.60ms
2025-12-03 20:43:53,615 | INFO | ap-northeast-3 → ap-southeast-2: 125.50ms
2025-12-03 20:43:53,702 | INFO | ap-northeast-3 → ap-southeast-3: 94.53ms
2025-12-03 20:43:53,744 | INFO | ap-northeast-3 → ap-southeast-4: 134.79ms
2025-12-03 20:43:53,761 | INFO | ap-northeast-3 → ap-southeast-5: 82.19ms
2025-12-03 20:43:53,773 | INFO | ap-northeast-3 → ap-southeast-6: 149.68ms
2025-12-03 20:43:53,785 | INFO | ap-northeast-3 → ap-southeast-7: 102.99ms
2025-12-03 20:43:53,798 | INFO | ap-northeast-3 → ca-central-1: 161.37ms
2025-12-03 20:43:53,811 | INFO | ap-northeast-3 → ca-west-1: 116.45ms
2025-12-03 20:43:53,820 | INFO | ap-northeast-3 → eu-central-1: 236.82ms
2025-12-03 20:43:53,830 | INFO | ap-northeast-3 → eu-central-2: 230.55ms
2025-12-03 20:43:53,841 | INFO | ap-northeast-3 → eu-north-1: 255.73ms
2025-12-03 20:43:53,852 | INFO | ap-northeast-3 → eu-south-1: 227.77ms
2025-12-03 20:43:53,865 | INFO | ap-northeast-3 → eu-south-2: 244.50ms
2025-12-03 20:43:53,875 | INFO | ap-northeast-3 → eu-west-1: 215.87ms
2025-12-03 20:43:53,888 | INFO | ap-northeast-3 → eu-west-2: 227.34ms
2025-12-03 20:43:53,906 | INFO | ap-northeast-3 → eu-west-3: 232.84ms
2025-12-03 20:43:53,924 | INFO | ap-northeast-3 → il-central-1: 281.81ms
2025-12-03 20:43:53,941 | INFO | ap-northeast-3 → me-central-1: 168.15ms
2025-12-03 20:43:53,978 | INFO | ap-northeast-3 → me-south-1: 166.63ms
2025-12-03 20:43:54,016 | INFO | ap-northeast-3 → mx-central-1: 163.89ms
2025-12-03 20:43:54,038 | INFO | ap-northeast-3 → sa-east-1: 272.15ms
2025-12-03 20:43:54,065 | INFO | ap-northeast-3 → us-east-1: 160.35ms
2025-12-03 20:43:54,076 | INFO | ap-northeast-3 → us-east-2: 147.30ms
2025-12-03 20:43:54,086 | INFO | ap-northeast-3 → us-west-1: 112.36ms
2025-12-03 20:43:54,110 | INFO | ap-northeast-3 → us-west-2: 103.97ms
2025-12-03 20:43:54,186 | INFO | ap-south-1 → af-south-1: 282.50ms
2025-12-03 20:43:54,203 | INFO | ap-south-1 → ap-east-1: 100.02ms
2025-12-03 20:43:54,225 | INFO | ap-south-1 → ap-east-2: 111.46ms
2025-12-03 20:43:54,250 | INFO | ap-south-1 → ap-northeast-1: 133.30ms
2025-12-03 20:43:54,282 | INFO | ap-south-1 → ap-northeast-2: 134.49ms
2025-12-03 20:43:54,297 | INFO | ap-south-1 → ap-northeast-3: 140.01ms
2025-12-03 20:43:54,313 | INFO | ap-south-1 → ap-south-1: 5.66ms
2025-12-03 20:43:54,332 | INFO | ap-south-1 → ap-south-2: 16.61ms
2025-12-03 20:43:54,353 | INFO | ap-south-1 → ap-southeast-1: 65.24ms
2025-12-03 20:43:54,366 | INFO | ap-south-1 → ap-southeast-2: 155.60ms
2025-12-03 20:43:54,382 | INFO | ap-south-1 → ap-southeast-3: 80.10ms
2025-12-03 20:43:54,424 | INFO | ap-south-1 → ap-southeast-4: 167.28ms
2025-12-03 20:43:54,484 | INFO | ap-south-1 → ap-southeast-5: 70.22ms
2025-12-03 20:43:54,496 | INFO | ap-south-1 → ap-southeast-6: 183.67ms
2025-12-03 20:43:54,509 | INFO | ap-south-1 → ap-southeast-7: 91.43ms
2025-12-03 20:43:54,524 | INFO | ap-south-1 → ca-central-1: 190.56ms
2025-12-03 20:43:54,538 | INFO | ap-south-1 → ca-west-1: 249.08ms
2025-12-03 20:43:54,566 | INFO | ap-south-1 → eu-central-1: 121.75ms
2025-12-03 20:43:54,592 | INFO | ap-south-1 → eu-central-2: 115.62ms
2025-12-03 20:43:54,628 | INFO | ap-south-1 → eu-north-1: 141.38ms
2025-12-03 20:43:54,646 | INFO | ap-south-1 → eu-south-1: 115.20ms
2025-12-03 20:43:54,666 | INFO | ap-south-1 → eu-south-2: 121.07ms
2025-12-03 20:43:54,687 | INFO | ap-south-1 → eu-west-1: 123.54ms
2025-12-03 20:43:54,709 | INFO | ap-south-1 → eu-west-2: 118.19ms
2025-12-03 20:43:54,723 | INFO | ap-south-1 → eu-west-3: 107.87ms
2025-12-03 20:43:54,739 | INFO | ap-south-1 → il-central-1: 136.98ms
2025-12-03 20:43:54,754 | INFO | ap-south-1 → me-central-1: 34.72ms
2025-12-03 20:43:54,782 | INFO | ap-south-1 → me-south-1: 37.92ms
2025-12-03 20:43:54,814 | INFO | ap-south-1 → mx-central-1: 244.16ms
2025-12-03 20:43:54,836 | INFO | ap-south-1 → sa-east-1: 299.91ms
2025-12-03 20:43:54,851 | INFO | ap-south-1 → us-east-1: 189.43ms
2025-12-03 20:43:54,865 | INFO | ap-south-1 → us-east-2: 198.72ms
2025-12-03 20:43:54,882 | INFO | ap-south-1 → us-west-1: 245.46ms
2025-12-03 20:43:54,895 | INFO | ap-south-1 → us-west-2: 230.90ms
2025-12-03 20:43:54,936 | INFO | ap-south-2 → af-south-1: 314.29ms
2025-12-03 20:43:54,946 | INFO | ap-south-2 → ap-east-1: 79.06ms
2025-12-03 20:43:54,973 | INFO | ap-south-2 → ap-east-2: 91.88ms
2025-12-03 20:43:54,990 | INFO | ap-south-2 → ap-northeast-1: 115.44ms
2025-12-03 20:43:55,003 | INFO | ap-south-2 → ap-northeast-2: 117.18ms
2025-12-03 20:43:55,018 | INFO | ap-south-2 → ap-northeast-3: 127.63ms
2025-12-03 20:43:55,031 | INFO | ap-south-2 → ap-south-1: 19.54ms
2025-12-03 20:43:55,046 | INFO | ap-south-2 → ap-south-2: 10.86ms
2025-12-03 20:43:55,057 | INFO | ap-south-2 → ap-southeast-1: 48.05ms
2025-12-03 20:43:55,070 | INFO | ap-south-2 → ap-southeast-2: 139.69ms
2025-12-03 20:43:55,083 | INFO | ap-south-2 → ap-southeast-3: 64.94ms
2025-12-03 20:43:55,099 | INFO | ap-south-2 → ap-southeast-4: 150.40ms
2025-12-03 20:43:55,114 | INFO | ap-south-2 → ap-southeast-5: 52.80ms
2025-12-03 20:43:55,130 | INFO | ap-south-2 → ap-southeast-6: 170.24ms
2025-12-03 20:43:55,147 | INFO | ap-south-2 → ap-southeast-7: 77.34ms
2025-12-03 20:43:55,190 | INFO | ap-south-2 → ca-central-1: 206.44ms
2025-12-03 20:43:55,225 | INFO | ap-south-2 → ca-west-1: 227.99ms
2025-12-03 20:43:55,249 | INFO | ap-south-2 → eu-central-1: 153.53ms
2025-12-03 20:43:55,264 | INFO | ap-south-2 → eu-central-2: 144.08ms
2025-12-03 20:43:55,280 | INFO | ap-south-2 → eu-north-1: 171.97ms
2025-12-03 20:43:55,303 | INFO | ap-south-2 → eu-south-1: 131.97ms
2025-12-03 20:43:55,321 | INFO | ap-south-2 → eu-south-2: 150.67ms
2025-12-03 20:43:55,337 | INFO | ap-south-2 → eu-west-1: 155.91ms
2025-12-03 20:43:55,358 | INFO | ap-south-2 → eu-west-2: 150.43ms
2025-12-03 20:43:55,373 | INFO | ap-south-2 → eu-west-3: 136.06ms
2025-12-03 20:43:55,388 | INFO | ap-south-2 → il-central-1: 166.09ms
2025-12-03 20:43:55,402 | INFO | ap-south-2 → me-central-1: 49.19ms
2025-12-03 20:43:55,414 | INFO | ap-south-2 → me-south-1: 55.87ms
2025-12-03 20:43:55,428 | INFO | ap-south-2 → mx-central-1: 253.32ms
2025-12-03 20:43:55,450 | INFO | ap-south-2 → sa-east-1: 320.11ms
2025-12-03 20:43:55,490 | INFO | ap-south-2 → us-east-1: 203.29ms
2025-12-03 20:43:55,517 | INFO | ap-south-2 → us-east-2: 212.20ms
2025-12-03 20:43:55,545 | INFO | ap-south-2 → us-west-1: 223.33ms
2025-12-03 20:43:55,563 | INFO | ap-south-2 → us-west-2: 210.80ms
2025-12-03 20:43:55,654 | INFO | ap-southeast-1 → af-south-1: 334.67ms
2025-12-03 20:43:55,671 | INFO | ap-southeast-1 → ap-east-1: 37.78ms
2025-12-03 20:43:55,682 | INFO | ap-southeast-1 → ap-east-2: 53.76ms
2025-12-03 20:43:55,694 | INFO | ap-southeast-1 → ap-northeast-1: 73.87ms
2025-12-03 20:43:55,709 | INFO | ap-southeast-1 → ap-northeast-2: 76.33ms
2025-12-03 20:43:55,726 | INFO | ap-southeast-1 → ap-northeast-3: 78.34ms
2025-12-03 20:43:55,742 | INFO | ap-southeast-1 → ap-south-1: 69.02ms
2025-12-03 20:43:55,753 | INFO | ap-southeast-1 → ap-south-2: 48.91ms
2025-12-03 20:43:55,766 | INFO | ap-southeast-1 → ap-southeast-1: 5.44ms
2025-12-03 20:43:55,780 | INFO | ap-southeast-1 → ap-southeast-2: 94.95ms
2025-12-03 20:43:55,795 | INFO | ap-southeast-1 → ap-southeast-3: 18.05ms
2025-12-03 20:43:55,810 | INFO | ap-southeast-1 → ap-southeast-4: 106.15ms
2025-12-03 20:43:55,825 | INFO | ap-southeast-1 → ap-southeast-5: 10.79ms
2025-12-03 20:43:55,888 | INFO | ap-southeast-1 → ap-southeast-6: 123.55ms
2025-12-03 20:43:55,915 | INFO | ap-southeast-1 → ap-southeast-7: 34.90ms
2025-12-03 20:43:55,936 | INFO | ap-southeast-1 → ca-central-1: 230.01ms
2025-12-03 20:43:55,951 | INFO | ap-southeast-1 → ca-west-1: 175.61ms
2025-12-03 20:43:55,966 | INFO | ap-southeast-1 → eu-central-1: 165.49ms
2025-12-03 20:43:55,979 | INFO | ap-southeast-1 → eu-central-2: 158.41ms
2025-12-03 20:43:55,994 | INFO | ap-southeast-1 → eu-north-1: 187.15ms
2025-12-03 20:43:56,006 | INFO | ap-southeast-1 → eu-south-1: 154.88ms
2025-12-03 20:43:56,017 | INFO | ap-southeast-1 → eu-south-2: 176.72ms
2025-12-03 20:43:56,029 | INFO | ap-southeast-1 → eu-west-1: 195.03ms
2025-12-03 20:43:56,044 | INFO | ap-southeast-1 → eu-west-2: 172.17ms
2025-12-03 20:43:56,060 | INFO | ap-southeast-1 → eu-west-3: 167.87ms
2025-12-03 20:43:56,084 | INFO | ap-southeast-1 → il-central-1: 206.08ms
2025-12-03 20:43:56,105 | INFO | ap-southeast-1 → me-central-1: 94.69ms
2025-12-03 20:43:56,121 | INFO | ap-southeast-1 → me-south-1: 99.08ms
2025-12-03 20:43:56,141 | INFO | ap-southeast-1 → mx-central-1: 234.00ms
2025-12-03 20:43:56,157 | INFO | ap-southeast-1 → sa-east-1: 330.90ms
2025-12-03 20:43:56,173 | INFO | ap-southeast-1 → us-east-1: 216.06ms
2025-12-03 20:43:56,191 | INFO | ap-southeast-1 → us-east-2: 207.67ms
2025-12-03 20:43:56,214 | INFO | ap-southeast-1 → us-west-1: 180.88ms
2025-12-03 20:43:56,238 | INFO | ap-southeast-1 → us-west-2: 167.76ms
2025-12-03 20:43:56,324 | INFO | ap-southeast-2 → af-south-1: 411.29ms
2025-12-03 20:43:56,354 | INFO | ap-southeast-2 → ap-east-1: 129.37ms
2025-12-03 20:43:56,420 | INFO | ap-southeast-2 → ap-east-2: 152.62ms
2025-12-03 20:43:56,563 | INFO | ap-southeast-2 → ap-northeast-1: 108.53ms
2025-12-03 20:43:56,618 | INFO | ap-southeast-2 → ap-northeast-2: 153.70ms
2025-12-03 20:43:56,683 | INFO | ap-southeast-2 → ap-northeast-3: 126.27ms
2025-12-03 20:43:56,701 | INFO | ap-southeast-2 → ap-south-1: 156.94ms
2025-12-03 20:43:56,719 | INFO | ap-southeast-2 → ap-south-2: 142.21ms
2025-12-03 20:43:56,742 | INFO | ap-southeast-2 → ap-southeast-1: 97.24ms
2025-12-03 20:43:56,765 | INFO | ap-southeast-2 → ap-southeast-2: 2.09ms
2025-12-03 20:43:56,802 | INFO | ap-southeast-2 → ap-southeast-3: 111.83ms
2025-12-03 20:43:56,847 | INFO | ap-southeast-2 → ap-southeast-4: 13.51ms
2025-12-03 20:43:56,943 | INFO | ap-southeast-2 → ap-southeast-5: 101.79ms
2025-12-03 20:43:56,987 | INFO | ap-southeast-2 → ap-southeast-6: 31.43ms
2025-12-03 20:43:57,006 | INFO | ap-southeast-2 → ap-southeast-7: 122.76ms
2025-12-03 20:43:57,038 | INFO | ap-southeast-2 → ca-central-1: 200.53ms
2025-12-03 20:43:57,056 | INFO | ap-southeast-2 → ca-west-1: 161.62ms
2025-12-03 20:43:57,077 | INFO | ap-southeast-2 → eu-central-1: 260.80ms
2025-12-03 20:43:57,090 | INFO | ap-southeast-2 → eu-central-2: 255.32ms
2025-12-03 20:43:57,108 | INFO | ap-southeast-2 → eu-north-1: 274.40ms
2025-12-03 20:43:57,122 | INFO | ap-southeast-2 → eu-south-1: 245.87ms
2025-12-03 20:43:57,137 | INFO | ap-southeast-2 → eu-south-2: 287.92ms
2025-12-03 20:43:57,155 | INFO | ap-southeast-2 → eu-west-1: 255.45ms
2025-12-03 20:43:57,174 | INFO | ap-southeast-2 → eu-west-2: 265.63ms
2025-12-03 20:43:57,196 | INFO | ap-southeast-2 → eu-west-3: 280.62ms
2025-12-03 20:43:57,212 | INFO | ap-southeast-2 → il-central-1: 293.77ms
2025-12-03 20:43:57,227 | INFO | ap-southeast-2 → me-central-1: 183.80ms
2025-12-03 20:43:57,245 | INFO | ap-southeast-2 → me-south-1: 186.56ms
2025-12-03 20:43:57,264 | INFO | ap-southeast-2 → mx-central-1: 204.00ms
2025-12-03 20:43:57,289 | INFO | ap-southeast-2 → sa-east-1: 314.25ms
2025-12-03 20:43:57,304 | INFO | ap-southeast-2 → us-east-1: 199.76ms
2025-12-03 20:43:57,320 | INFO | ap-southeast-2 → us-east-2: 189.00ms
2025-12-03 20:43:57,339 | INFO | ap-southeast-2 → us-west-1: 142.20ms
2025-12-03 20:43:57,357 | INFO | ap-southeast-2 → us-west-2: 145.92ms
2025-12-03 20:43:57,407 | INFO | ap-southeast-3 → af-south-1: 347.07ms
2025-12-03 20:43:57,419 | INFO | ap-southeast-3 → ap-east-1: 55.05ms
2025-12-03 20:43:57,431 | INFO | ap-southeast-3 → ap-east-2: 71.52ms
2025-12-03 20:43:57,444 | INFO | ap-southeast-3 → ap-northeast-1: 90.39ms
2025-12-03 20:43:57,456 | INFO | ap-southeast-3 → ap-northeast-2: 89.97ms
2025-12-03 20:43:57,468 | INFO | ap-southeast-3 → ap-northeast-3: 99.44ms
2025-12-03 20:43:57,479 | INFO | ap-southeast-3 → ap-south-1: 86.28ms
2025-12-03 20:43:57,495 | INFO | ap-southeast-3 → ap-south-2: 73.80ms
2025-12-03 20:43:57,506 | INFO | ap-southeast-3 → ap-southeast-1: 20.02ms
2025-12-03 20:43:57,521 | INFO | ap-southeast-3 → ap-southeast-2: 114.80ms
2025-12-03 20:43:57,550 | INFO | ap-southeast-3 → ap-southeast-3: 3.78ms
2025-12-03 20:43:57,562 | INFO | ap-southeast-3 → ap-southeast-4: 126.97ms
2025-12-03 20:43:57,579 | INFO | ap-southeast-3 → ap-southeast-5: 28.21ms
2025-12-03 20:43:57,600 | INFO | ap-southeast-3 → ap-southeast-6: 145.60ms
2025-12-03 20:43:57,614 | INFO | ap-southeast-3 → ap-southeast-7: 54.57ms
2025-12-03 20:43:57,628 | INFO | ap-southeast-3 → ca-central-1: 248.77ms
2025-12-03 20:43:57,641 | INFO | ap-southeast-3 → ca-west-1: 199.06ms
2025-12-03 20:43:57,655 | INFO | ap-southeast-3 → eu-central-1: 186.54ms
2025-12-03 20:43:57,665 | INFO | ap-southeast-3 → eu-central-2: 179.34ms
2025-12-03 20:43:57,684 | INFO | ap-southeast-3 → eu-north-1: 211.23ms
2025-12-03 20:43:57,701 | INFO | ap-southeast-3 → eu-south-1: 175.41ms
2025-12-03 20:43:57,716 | INFO | ap-southeast-3 → eu-south-2: 192.82ms
2025-12-03 20:43:57,728 | INFO | ap-southeast-3 → eu-west-1: 217.00ms
2025-12-03 20:43:57,778 | INFO | ap-southeast-3 → eu-west-2: 189.50ms
2025-12-03 20:43:57,788 | INFO | ap-southeast-3 → eu-west-3: 188.95ms
2025-12-03 20:43:57,797 | INFO | ap-southeast-3 → il-central-1: 220.43ms
2025-12-03 20:43:57,806 | INFO | ap-southeast-3 → me-central-1: 118.60ms
2025-12-03 20:43:57,815 | INFO | ap-southeast-3 → me-south-1: 114.86ms
2025-12-03 20:43:57,825 | INFO | ap-southeast-3 → mx-central-1: 258.50ms
2025-12-03 20:43:57,834 | INFO | ap-southeast-3 → sa-east-1: 358.73ms
2025-12-03 20:43:57,843 | INFO | ap-southeast-3 → us-east-1: 235.89ms
2025-12-03 20:43:57,854 | INFO | ap-southeast-3 → us-east-2: 220.85ms
2025-12-03 20:43:57,862 | INFO | ap-southeast-3 → us-west-1: 202.08ms
2025-12-03 20:43:57,872 | INFO | ap-southeast-3 → us-west-2: 182.41ms
2025-12-03 20:43:57,902 | INFO | ap-southeast-4 → af-south-1: 420.32ms
2025-12-03 20:43:57,912 | INFO | ap-southeast-4 → ap-east-1: 145.21ms
2025-12-03 20:43:57,923 | INFO | ap-southeast-4 → ap-east-2: 164.41ms
2025-12-03 20:43:57,932 | INFO | ap-southeast-4 → ap-northeast-1: 135.55ms
2025-12-03 20:43:57,943 | INFO | ap-southeast-4 → ap-northeast-2: 163.61ms
2025-12-03 20:43:57,954 | INFO | ap-southeast-4 → ap-northeast-3: 138.39ms
2025-12-03 20:43:57,965 | INFO | ap-southeast-4 → ap-south-1: 175.52ms
2025-12-03 20:43:57,975 | INFO | ap-southeast-4 → ap-south-2: 155.46ms
2025-12-03 20:43:57,987 | INFO | ap-southeast-4 → ap-southeast-1: 105.95ms
2025-12-03 20:43:58,003 | INFO | ap-southeast-4 → ap-southeast-2: 17.27ms
2025-12-03 20:43:58,015 | INFO | ap-southeast-4 → ap-southeast-3: 122.96ms
2025-12-03 20:43:58,038 | INFO | ap-southeast-4 → ap-southeast-4: 4.90ms
2025-12-03 20:43:58,050 | INFO | ap-southeast-4 → ap-southeast-5: 111.54ms
2025-12-03 20:43:58,063 | INFO | ap-southeast-4 → ap-southeast-6: 45.01ms
2025-12-03 20:43:58,078 | INFO | ap-southeast-4 → ap-southeast-7: 134.32ms
2025-12-03 20:43:58,098 | INFO | ap-southeast-4 → ca-central-1: 211.74ms
2025-12-03 20:43:58,113 | INFO | ap-southeast-4 → ca-west-1: 172.35ms
2025-12-03 20:43:58,129 | INFO | ap-southeast-4 → eu-central-1: 267.08ms
2025-12-03 20:43:58,143 | INFO | ap-southeast-4 → eu-central-2: 259.39ms
2025-12-03 20:43:58,157 | INFO | ap-southeast-4 → eu-north-1: 286.03ms
2025-12-03 20:43:58,171 | INFO | ap-southeast-4 → eu-south-1: 255.00ms
2025-12-03 20:43:58,185 | INFO | ap-southeast-4 → eu-south-2: 299.08ms
2025-12-03 20:43:58,200 | INFO | ap-southeast-4 → eu-west-1: 268.68ms
2025-12-03 20:43:58,215 | INFO | ap-southeast-4 → eu-west-2: 279.55ms
2025-12-03 20:43:58,229 | INFO | ap-southeast-4 → eu-west-3: 291.54ms
2025-12-03 20:43:58,244 | INFO | ap-southeast-4 → il-central-1: 307.62ms
2025-12-03 20:43:58,260 | INFO | ap-southeast-4 → me-central-1: 199.51ms
2025-12-03 20:43:58,277 | INFO | ap-southeast-4 → me-south-1: 198.91ms
2025-12-03 20:43:58,293 | INFO | ap-southeast-4 → mx-central-1: 217.44ms
2025-12-03 20:43:58,306 | INFO | ap-southeast-4 → sa-east-1: 328.07ms
2025-12-03 20:43:58,321 | INFO | ap-southeast-4 → us-east-1: 211.71ms
2025-12-03 20:43:58,334 | INFO | ap-southeast-4 → us-east-2: 200.94ms
2025-12-03 20:43:58,348 | INFO | ap-southeast-4 → us-west-1: 151.02ms
2025-12-03 20:43:58,359 | INFO | ap-southeast-4 → us-west-2: 153.67ms
2025-12-03 20:43:58,404 | INFO | ap-southeast-5 → af-south-1: 340.21ms
2025-12-03 20:43:58,416 | INFO | ap-southeast-5 → ap-east-1: 46.05ms
2025-12-03 20:43:58,429 | INFO | ap-southeast-5 → ap-east-2: 63.11ms
2025-12-03 20:43:58,445 | INFO | ap-southeast-5 → ap-northeast-1: 78.24ms
2025-12-03 20:43:58,458 | INFO | ap-southeast-5 → ap-northeast-2: 79.44ms
2025-12-03 20:43:58,472 | INFO | ap-southeast-5 → ap-northeast-3: 88.87ms
2025-12-03 20:43:58,504 | INFO | ap-southeast-5 → ap-south-1: 75.17ms
2025-12-03 20:43:58,519 | INFO | ap-southeast-5 → ap-south-2: 55.95ms
2025-12-03 20:43:58,533 | INFO | ap-southeast-5 → ap-southeast-1: 14.10ms
2025-12-03 20:43:58,550 | INFO | ap-southeast-5 → ap-southeast-2: 101.11ms
2025-12-03 20:43:58,582 | INFO | ap-southeast-5 → ap-southeast-3: 25.85ms
2025-12-03 20:43:58,625 | INFO | ap-southeast-5 → ap-southeast-4: 112.13ms
2025-12-03 20:43:58,644 | INFO | ap-southeast-5 → ap-southeast-5: 3.04ms
2025-12-03 20:43:58,660 | INFO | ap-southeast-5 → ap-southeast-6: 127.16ms
2025-12-03 20:43:58,672 | INFO | ap-southeast-5 → ap-southeast-7: 24.12ms
2025-12-03 20:43:58,683 | INFO | ap-southeast-5 → ca-central-1: 232.31ms
2025-12-03 20:43:58,695 | INFO | ap-southeast-5 → ca-west-1: 188.34ms
2025-12-03 20:43:58,705 | INFO | ap-southeast-5 → eu-central-1: 174.07ms
2025-12-03 20:43:58,715 | INFO | ap-southeast-5 → eu-central-2: 162.29ms
2025-12-03 20:43:58,724 | INFO | ap-southeast-5 → eu-north-1: 193.84ms
2025-12-03 20:43:58,733 | INFO | ap-southeast-5 → eu-south-1: 166.14ms
2025-12-03 20:43:58,741 | INFO | ap-southeast-5 → eu-south-2: 182.57ms
2025-12-03 20:43:58,751 | INFO | ap-southeast-5 → eu-west-1: 187.98ms
2025-12-03 20:43:58,760 | INFO | ap-southeast-5 → eu-west-2: 181.97ms
2025-12-03 20:43:58,811 | INFO | ap-southeast-5 → eu-west-3: 173.35ms
2025-12-03 20:43:58,821 | INFO | ap-southeast-5 → il-central-1: 210.28ms
2025-12-03 20:43:58,833 | INFO | ap-southeast-5 → me-central-1: 97.07ms
2025-12-03 20:43:58,842 | INFO | ap-southeast-5 → me-south-1: 100.75ms
2025-12-03 20:43:58,852 | INFO | ap-southeast-5 → mx-central-1: 239.02ms
2025-12-03 20:43:58,862 | INFO | ap-southeast-5 → sa-east-1: 337.51ms
2025-12-03 20:43:58,872 | INFO | ap-southeast-5 → us-east-1: 227.48ms
2025-12-03 20:43:58,882 | INFO | ap-southeast-5 → us-east-2: 211.80ms
2025-12-03 20:43:58,892 | INFO | ap-southeast-5 → us-west-1: 187.50ms
2025-12-03 20:43:58,902 | INFO | ap-southeast-5 → us-west-2: 173.14ms
2025-12-03 20:43:58,933 | INFO | ap-southeast-6 → af-south-1: 445.57ms
2025-12-03 20:43:58,945 | INFO | ap-southeast-6 → ap-east-1: 167.56ms
2025-12-03 20:43:58,957 | INFO | ap-southeast-6 → ap-east-2: 182.34ms
2025-12-03 20:43:58,969 | INFO | ap-southeast-6 → ap-northeast-1: 146.39ms
2025-12-03 20:43:58,979 | INFO | ap-southeast-6 → ap-northeast-2: 182.21ms
2025-12-03 20:43:58,990 | INFO | ap-southeast-6 → ap-northeast-3: 158.66ms
2025-12-03 20:43:58,999 | INFO | ap-southeast-6 → ap-south-1: 202.78ms
2025-12-03 20:43:59,013 | INFO | ap-southeast-6 → ap-south-2: 172.04ms
2025-12-03 20:43:59,036 | INFO | ap-southeast-6 → ap-southeast-1: 123.83ms
2025-12-03 20:43:59,074 | INFO | ap-southeast-6 → ap-southeast-2: 27.47ms
2025-12-03 20:43:59,112 | INFO | ap-southeast-6 → ap-southeast-3: 140.42ms
2025-12-03 20:43:59,150 | INFO | ap-southeast-6 → ap-southeast-4: 43.07ms
2025-12-03 20:43:59,177 | INFO | ap-southeast-6 → ap-southeast-5: 135.00ms
2025-12-03 20:43:59,194 | INFO | ap-southeast-6 → ap-southeast-6: 1.51ms
2025-12-03 20:43:59,206 | INFO | ap-southeast-6 → ap-southeast-7: 152.15ms
2025-12-03 20:43:59,219 | INFO | ap-southeast-6 → ca-central-1: 239.94ms
2025-12-03 20:43:59,242 | INFO | ap-southeast-6 → ca-west-1: 197.98ms
2025-12-03 20:43:59,256 | INFO | ap-southeast-6 → eu-central-1: 299.43ms
2025-12-03 20:43:59,271 | INFO | ap-southeast-6 → eu-central-2: 281.34ms
2025-12-03 20:43:59,287 | INFO | ap-southeast-6 → eu-north-1: 317.69ms
2025-12-03 20:43:59,302 | INFO | ap-southeast-6 → eu-south-1: 286.65ms
2025-12-03 20:43:59,318 | INFO | ap-southeast-6 → eu-south-2: 320.59ms
2025-12-03 20:43:59,335 | INFO | ap-southeast-6 → eu-west-1: 293.59ms
2025-12-03 20:43:59,353 | INFO | ap-southeast-6 → eu-west-2: 302.43ms
2025-12-03 20:43:59,382 | INFO | ap-southeast-6 → eu-west-3: 312.59ms
2025-12-03 20:43:59,405 | INFO | ap-southeast-6 → il-central-1: 331.16ms
2025-12-03 20:43:59,427 | INFO | ap-southeast-6 → me-central-1: 215.51ms
2025-12-03 20:43:59,468 | INFO | ap-southeast-6 → me-south-1: 215.73ms
2025-12-03 20:43:59,489 | INFO | ap-southeast-6 → mx-central-1: 241.57ms
2025-12-03 20:43:59,506 | INFO | ap-southeast-6 → sa-east-1: 356.61ms
2025-12-03 20:43:59,518 | INFO | ap-southeast-6 → us-east-1: 227.51ms
2025-12-03 20:43:59,531 | INFO | ap-southeast-6 → us-east-2: 217.52ms
2025-12-03 20:43:59,544 | INFO | ap-southeast-6 → us-west-1: 167.81ms
2025-12-03 20:43:59,559 | INFO | ap-southeast-6 → us-west-2: 181.86ms
2025-12-03 20:43:59,607 | INFO | ap-southeast-7 → af-south-1: 374.69ms
2025-12-03 20:43:59,620 | INFO | ap-southeast-7 → ap-east-1: 66.59ms
2025-12-03 20:43:59,639 | INFO | ap-southeast-7 → ap-east-2: 86.10ms
2025-12-03 20:43:59,662 | INFO | ap-southeast-7 → ap-northeast-1: 99.34ms
2025-12-03 20:43:59,684 | INFO | ap-southeast-7 → ap-northeast-2: 99.54ms
2025-12-03 20:43:59,731 | INFO | ap-southeast-7 → ap-northeast-3: 117.70ms
2025-12-03 20:43:59,751 | INFO | ap-southeast-7 → ap-south-1: 101.26ms
2025-12-03 20:43:59,765 | INFO | ap-southeast-7 → ap-south-2: 81.15ms
2025-12-03 20:43:59,781 | INFO | ap-southeast-7 → ap-southeast-1: 30.95ms
2025-12-03 20:43:59,798 | INFO | ap-southeast-7 → ap-southeast-2: 125.32ms
2025-12-03 20:43:59,815 | INFO | ap-southeast-7 → ap-southeast-3: 51.34ms
2025-12-03 20:43:59,831 | INFO | ap-southeast-7 → ap-southeast-4: 135.45ms
2025-12-03 20:43:59,848 | INFO | ap-southeast-7 → ap-southeast-5: 30.55ms
2025-12-03 20:43:59,862 | INFO | ap-southeast-7 → ap-southeast-6: 148.82ms
2025-12-03 20:43:59,902 | INFO | ap-southeast-7 → ap-southeast-7: 2.29ms
2025-12-03 20:43:59,933 | INFO | ap-southeast-7 → ca-central-1: 256.71ms
2025-12-03 20:43:59,943 | INFO | ap-southeast-7 → ca-west-1: 202.91ms
2025-12-03 20:43:59,954 | INFO | ap-southeast-7 → eu-central-1: 200.39ms
2025-12-03 20:43:59,970 | INFO | ap-southeast-7 → eu-central-2: 190.13ms
2025-12-03 20:43:59,985 | INFO | ap-southeast-7 → eu-north-1: 215.49ms
2025-12-03 20:44:00,000 | INFO | ap-southeast-7 → eu-south-1: 183.72ms
2025-12-03 20:44:00,017 | INFO | ap-southeast-7 → eu-south-2: 208.23ms
2025-12-03 20:44:00,032 | INFO | ap-southeast-7 → eu-west-1: 218.31ms
2025-12-03 20:44:00,056 | INFO | ap-southeast-7 → eu-west-2: 200.42ms
2025-12-03 20:44:00,077 | INFO | ap-southeast-7 → eu-west-3: 193.79ms
2025-12-03 20:44:00,107 | INFO | ap-southeast-7 → il-central-1: 238.15ms
2025-12-03 20:44:00,141 | INFO | ap-southeast-7 → me-central-1: 123.69ms
2025-12-03 20:44:00,169 | INFO | ap-southeast-7 → me-south-1: 125.11ms
2025-12-03 20:44:00,189 | INFO | ap-southeast-7 → mx-central-1: 262.63ms
2025-12-03 20:44:00,207 | INFO | ap-southeast-7 → sa-east-1: 372.81ms
2025-12-03 20:44:00,225 | INFO | ap-southeast-7 → us-east-1: 245.33ms
2025-12-03 20:44:00,251 | INFO | ap-southeast-7 → us-east-2: 233.26ms
2025-12-03 20:44:00,298 | INFO | ap-southeast-7 → us-west-1: 208.79ms
2025-12-03 20:44:00,327 | INFO | ap-southeast-7 → us-west-2: 195.73ms
2025-12-03 20:44:00,397 | INFO | ca-central-1 → af-south-1: 225.53ms
2025-12-03 20:44:00,416 | INFO | ca-central-1 → ap-east-1: 207.31ms
2025-12-03 20:44:00,435 | INFO | ca-central-1 → ap-east-2: 183.63ms
2025-12-03 20:44:00,454 | INFO | ca-central-1 → ap-northeast-1: 153.70ms
2025-12-03 20:44:00,469 | INFO | ca-central-1 → ap-northeast-2: 186.77ms
2025-12-03 20:44:00,481 | INFO | ca-central-1 → ap-northeast-3: 160.58ms
2025-12-03 20:44:00,492 | INFO | ca-central-1 → ap-south-1: 190.56ms
2025-12-03 20:44:00,503 | INFO | ca-central-1 → ap-south-2: 208.21ms
2025-12-03 20:44:00,514 | INFO | ca-central-1 → ap-southeast-1: 228.10ms
2025-12-03 20:44:00,539 | INFO | ca-central-1 → ap-southeast-2: 201.09ms
2025-12-03 20:44:00,561 | INFO | ca-central-1 → ap-southeast-3: 243.90ms
2025-12-03 20:44:00,573 | INFO | ca-central-1 → ap-southeast-4: 210.37ms
2025-12-03 20:44:00,586 | INFO | ca-central-1 → ap-southeast-5: 235.18ms
2025-12-03 20:44:00,599 | INFO | ca-central-1 → ap-southeast-6: 235.91ms
2025-12-03 20:44:00,613 | INFO | ca-central-1 → ap-southeast-7: 257.53ms
2025-12-03 20:44:00,627 | INFO | ca-central-1 → ca-central-1: 7.13ms
2025-12-03 20:44:00,640 | INFO | ca-central-1 → ca-west-1: 49.69ms
2025-12-03 20:44:00,655 | INFO | ca-central-1 → eu-central-1: 96.62ms
2025-12-03 20:44:00,670 | INFO | ca-central-1 → eu-central-2: 99.19ms
2025-12-03 20:44:00,700 | INFO | ca-central-1 → eu-north-1: 107.87ms
2025-12-03 20:44:00,747 | INFO | ca-central-1 → eu-south-1: 103.79ms
2025-12-03 20:44:00,782 | INFO | ca-central-1 → eu-south-2: 107.90ms
2025-12-03 20:44:00,851 | INFO | ca-central-1 → eu-west-1: 72.13ms
2025-12-03 20:44:00,900 | INFO | ca-central-1 → eu-west-2: 82.01ms
2025-12-03 20:44:00,934 | INFO | ca-central-1 → eu-west-3: 88.20ms
2025-12-03 20:44:00,979 | INFO | ca-central-1 → il-central-1: 138.52ms
2025-12-03 20:44:01,003 | INFO | ca-central-1 → me-central-1: 200.84ms
2025-12-03 20:44:01,025 | INFO | ca-central-1 → me-south-1: 170.09ms
2025-12-03 20:44:01,044 | INFO | ca-central-1 → mx-central-1: 73.57ms
2025-12-03 20:44:01,063 | INFO | ca-central-1 → sa-east-1: 127.66ms
2025-12-03 20:44:01,079 | INFO | ca-central-1 → us-east-1: 22.57ms
2025-12-03 20:44:01,097 | INFO | ca-central-1 → us-east-2: 26.47ms
2025-12-03 20:44:01,113 | INFO | ca-central-1 → us-west-1: 82.06ms
2025-12-03 20:44:01,128 | INFO | ca-central-1 → us-west-2: 65.85ms
2025-12-03 20:44:01,180 | INFO | ca-west-1 → af-south-1: 298.63ms
2025-12-03 20:44:01,200 | INFO | ca-west-1 → ap-east-1: 167.23ms
2025-12-03 20:44:01,225 | INFO | ca-west-1 → ap-east-2: 148.22ms
2025-12-03 20:44:01,245 | INFO | ca-west-1 → ap-northeast-1: 117.27ms
2025-12-03 20:44:01,276 | INFO | ca-west-1 → ap-northeast-2: 149.70ms
2025-12-03 20:44:01,296 | INFO | ca-west-1 → ap-northeast-3: 121.80ms
2025-12-03 20:44:01,313 | INFO | ca-west-1 → ap-south-1: 266.98ms
2025-12-03 20:44:01,342 | INFO | ca-west-1 → ap-south-2: 235.97ms
2025-12-03 20:44:01,367 | INFO | ca-west-1 → ap-southeast-1: 181.40ms
2025-12-03 20:44:01,397 | INFO | ca-west-1 → ap-southeast-2: 161.96ms
2025-12-03 20:44:01,446 | INFO | ca-west-1 → ap-southeast-3: 200.19ms
2025-12-03 20:44:01,481 | INFO | ca-west-1 → ap-southeast-4: 175.35ms
2025-12-03 20:44:01,506 | INFO | ca-west-1 → ap-southeast-5: 189.16ms
2025-12-03 20:44:01,520 | INFO | ca-west-1 → ap-southeast-6: 197.70ms
2025-12-03 20:44:01,550 | INFO | ca-west-1 → ap-southeast-7: 208.52ms
2025-12-03 20:44:01,573 | INFO | ca-west-1 → ca-central-1: 52.38ms
2025-12-03 20:44:01,597 | INFO | ca-west-1 → ca-west-1: 3.49ms
2025-12-03 20:44:01,613 | INFO | ca-west-1 → eu-central-1: 164.14ms
2025-12-03 20:44:01,630 | INFO | ca-west-1 → eu-central-2: 164.93ms
2025-12-03 20:44:01,655 | INFO | ca-west-1 → eu-north-1: 176.53ms
2025-12-03 20:44:01,673 | INFO | ca-west-1 → eu-south-1: 174.49ms
2025-12-03 20:44:01,751 | INFO | ca-west-1 → eu-south-2: 171.07ms
2025-12-03 20:44:01,779 | INFO | ca-west-1 → eu-west-1: 142.97ms
2025-12-03 20:44:01,808 | INFO | ca-west-1 → eu-west-2: 153.67ms
2025-12-03 20:44:01,859 | INFO | ca-west-1 → eu-west-3: 158.07ms
2025-12-03 20:44:01,877 | INFO | ca-west-1 → il-central-1: 207.84ms
2025-12-03 20:44:02,178 | INFO | ca-west-1 → me-central-1: 277.73ms
2025-12-03 20:44:02,710 | INFO | ca-west-1 → me-south-1: 261.30ms
2025-12-03 20:44:03,204 | WARNING | Retrying (Retry(total=2, connect=None, read=None, redirect=None, status=None)) after connection broken by 'RemoteDisconnected('Remote end closed connection without response')': /session/6ac16b01c3669f6a97e4a040ae65ac11/element/f.9E4D06D797D018CCBA0D000FF5BA091E.d.A45C033389CB91FD336E36562610AD82.e.666/text
2025-12-03 20:44:03,224 | WARNING | Retrying (Retry(total=1, connect=None, read=None, redirect=None, status=None)) after connection broken by 'NewConnectionError('<urllib3.connection.HTTPConnection object at 0x719d9bff1370>: Failed to establish a new connection: [Errno 111] Connection refused')': /session/6ac16b01c3669f6a97e4a040ae65ac11/element/f.9E4D06D797D018CCBA0D000FF5BA091E.d.A45C033389CB91FD336E36562610AD82.e.666/text
2025-12-03 20:44:03,225 | WARNING | Retrying (Retry(total=0, connect=None, read=None, redirect=None, status=None)) after connection broken by 'NewConnectionError('<urllib3.connection.HTTPConnection object at 0x719d9bff10a0>: Failed to establish a new connection: [Errno 111] Connection refused')': /session/6ac16b01c3669f6a97e4a040ae65ac11/element/f.9E4D06D797D018CCBA0D000FF5BA091E.d.A45C033389CB91FD336E36562610AD82.e.666/text
2025-12-03 20:44:03,226 | ERROR | Error extrayendo tabla: HTTPConnectionPool(host='localhost', port=53639): Max retries exceeded with url: /session/6ac16b01c3669f6a97e4a040ae65ac11/element/f.9E4D06D797D018CCBA0D000FF5BA091E.d.A45C033389CB91FD336E36562610AD82.e.666/text (Caused by NewConnectionError('<urllib3.connection.HTTPConnection object at 0x719d9bff0740>: Failed to establish a new connection: [Errno 111] Connection refused'))
2025-12-03 20:44:03,295 | INFO | Guardadas 572 latencias
2025-12-03 20:44:03,297 | WARNING | Retrying (Retry(total=2, connect=None, read=None, redirect=None, status=None)) after connection broken by 'NewConnectionError('<urllib3.connection.HTTPConnection object at 0x719d9bff1b50>: Failed to establish a new connection: [Errno 111] Connection refused')': /session/6ac16b01c3669f6a97e4a040ae65ac11
2025-12-03 20:44:03,297 | WARNING | Retrying (Retry(total=1, connect=None, read=None, redirect=None, status=None)) after connection broken by 'NewConnectionError('<urllib3.connection.HTTPConnection object at 0x719d9bff2d80>: Failed to establish a new connection: [Errno 111] Connection refused')': /session/6ac16b01c3669f6a97e4a040ae65ac11
2025-12-03 20:44:03,298 | WARNING | Retrying (Retry(total=0, connect=None, read=None, redirect=None, status=None)) after connection broken by 'NewConnectionError('<urllib3.connection.HTTPConnection object at 0x719d9bff3e90>: Failed to establish a new connection: [Errno 111] Connection refused')': /session/6ac16b01c3669f6a97e4a040ae65ac11
2025-12-03 20:44:03,321 | INFO | Durmiendo 10 min...
2025-12-03 20:46:38,462 | INFO | Cerrando scraper limpiamente...
